<?xml version="1.0" encoding="UTF-8"?>
<testsuites name="Login Negative Case" time="23.523" tests="3" failures="0" errors="0">
   <testsuite name="Login Negative Case" tests="3" failures="0" errors="0" time="23.523" skipped="0" timestamp="2021-09-27 15:51:22" hostname="ardiansyah - manjaro" id="Test Suites/User/User/Negative Case/Login Negative Case">
      <properties>
         <property name="deviceName" value=""/>
         <property name="devicePlatform" value=""/>
         <property name="logFolder" value="/home/ardiansyah/Work/Telkom/Pijar Belajar/Katalon/Pijar-Belajar/Pijar Belajar/Reports/20210927_155117/User/User/Negative Case/Login Negative Case/20210927_155117"/>
         <property name="logFiles" value="/home/ardiansyah/Work/Telkom/Pijar Belajar/Katalon/Pijar-Belajar/Pijar Belajar/Reports/20210927_155117/User/User/Negative Case/Login Negative Case/20210927_155117/execution0.log"/>
         <property name="attachments" value=""/>
         <property name="hostName" value="ardiansyah - manjaro"/>
         <property name="os" value="Linux 64bit"/>
         <property name="katalonVersion" value="8.1.0.208"/>
         <property name="browser" value="Chrome 92.0.4515.107"/>
         <property name="hostAddress" value="192.168.100.9"/>
         <property name="sessionId" value="6e826e06d4c4855dd47e3e6c591e6859"/>
         <property name="seleniumVersion" value="3.141.59"/>
         <property name="proxyInformation" value="ProxyInformation { proxyOption=NO_PROXY, proxyServerType=HTTP, username=, password=********, proxyServerAddress=, proxyServerPort=0, executionList=&quot;&quot;, isApplyToDesiredCapabilities=true }"/>
         <property name="platform" value="Linux"/>
      </properties>
      <testcase name="Test Cases/CustomKeyword/Open Browser" time="3.762" classname="Test Cases/CustomKeyword/Open Browser" status="PASSED">
         <system-out><![CDATA[2021-09-27 15:51:22 - [TEST_CASE][PASSED] - Test Cases/CustomKeyword/Open Browser: Test Cases/CustomKeyword/Open Browser

2021-09-27 15:51:23 - [TEST_STEP][PASSED] - openBrowser(""): Browser is opened with url: ''

2021-09-27 15:51:23 - [MESSAGE][INFO] - Starting 'Chrome' driver

2021-09-27 15:51:23 - [MESSAGE][INFO] - Action delay is set to 0 milliseconds

2021-09-27 15:51:26 - [MESSAGE][PASSED] - Browser is opened with url: ''

2021-09-27 15:51:26 - [TEST_STEP][PASSED] - maximizeWindow(): Current window maximized

2021-09-27 15:51:26 - [MESSAGE][PASSED] - Current window maximized]]></system-out>
         <system-err><![CDATA[]]></system-err>
      </testcase>
      <testcase name="Test Cases/CustomKeyword/Nevigate To Url" time="11.194" classname="Test Cases/CustomKeyword/Nevigate To Url" status="PASSED">
         <system-out><![CDATA[2021-09-27 15:51:26 - [TEST_CASE][PASSED] - Test Cases/CustomKeyword/Nevigate To Url: Test Cases/CustomKeyword/Nevigate To Url

2021-09-27 15:51:27 - [TEST_STEP][PASSED] - navigateToUrl(BASE_URL): Navigate to 'http://dev.pijarbelajar.id/' successfully

2021-09-27 15:51:37 - [MESSAGE][PASSED] - Navigate to 'http://dev.pijarbelajar.id/' successfully]]></system-out>
         <system-err><![CDATA[]]></system-err>
      </testcase>
      <testcase name="Test Cases/User/Login/Negative Case/Pastikan User Tidak Dapat Melakukan Login Ke Aplikasi" time="6.865" classname="Test Cases/User/Login/Negative Case/Pastikan User Tidak Dapat Melakukan Login Ke Aplikasi" status="PASSED">
         <system-out><![CDATA[2021-09-27 15:51:37 - [TEST_CASE][PASSED] - Test Cases/User/Login/Negative Case/Pastikan User Tidak Dapat Melakukan Login Ke Aplikasi: Test Cases/User/Login/Negative Case/Pastikan User Tidak Dapat Melakukan Login Ke Aplikasi

2021-09-27 15:51:37 - [TEST_STEP][PASSED] - click(findTestObject("Login/Login Email/Page_Pijar Belajar/button_Mulai Belajar")): Object: 'Object Repository/Login/Login Email/Page_Pijar Belajar/button_Mulai Belajar' is clicked on

2021-09-27 15:51:38 - [MESSAGE][PASSED] - Object: 'Object Repository/Login/Login Email/Page_Pijar Belajar/button_Mulai Belajar' is clicked on

2021-09-27 15:51:38 - [TEST_STEP][PASSED] - setText(findTestObject("Login/Login Email/input_Email_email"), "Sintadewi@yopmail.com"): Text 'Sintadewi@yopmail.com' is set on object 'Object Repository/Login/Login Email/input_Email_email'

2021-09-27 15:51:40 - [MESSAGE][PASSED] - Text 'Sintadewi@yopmail.com' is set on object 'Object Repository/Login/Login Email/input_Email_email'

2021-09-27 15:51:40 - [TEST_STEP][PASSED] - setText(findTestObject("Login/Login Email/input_Password_password"), "22114411"): Text '22114411' is set on object 'Object Repository/Login/Login Email/input_Password_password'

2021-09-27 15:51:40 - [MESSAGE][PASSED] - Text '22114411' is set on object 'Object Repository/Login/Login Email/input_Password_password'

2021-09-27 15:51:40 - [TEST_STEP][PASSED] - click(findTestObject("Login/Login Email/button_Masuk")): Object: 'Object Repository/Login/Login Email/button_Masuk' is clicked on

2021-09-27 15:51:41 - [MESSAGE][PASSED] - Object: 'Object Repository/Login/Login Email/button_Masuk' is clicked on

2021-09-27 15:51:41 - [TEST_STEP][PASSED] - refresh(): Refresh successfully

2021-09-27 15:51:41 - [MESSAGE][PASSED] - Refresh successfully

2021-09-27 15:51:41 - [TEST_STEP][PASSED] - setText(findTestObject("Login/Login Email/input_Email_email"), "HaniLatifah@yopmail.com"): Text 'HaniLatifah@yopmail.com' is set on object 'Object Repository/Login/Login Email/input_Email_email'

2021-09-27 15:51:43 - [MESSAGE][PASSED] - Text 'HaniLatifah@yopmail.com' is set on object 'Object Repository/Login/Login Email/input_Email_email'

2021-09-27 15:51:43 - [TEST_STEP][PASSED] - setText(findTestObject("Login/Login Email/input_Password_password"), "12345678"): Text '12345678' is set on object 'Object Repository/Login/Login Email/input_Password_password'

2021-09-27 15:51:44 - [MESSAGE][PASSED] - Text '12345678' is set on object 'Object Repository/Login/Login Email/input_Password_password'

2021-09-27 15:51:44 - [TEST_STEP][PASSED] - click(findTestObject("Login/Login Email/button_Masuk")): Object: 'Object Repository/Login/Login Email/button_Masuk' is clicked on

2021-09-27 15:51:44 - [MESSAGE][PASSED] - Object: 'Object Repository/Login/Login Email/button_Masuk' is clicked on]]></system-out>
         <system-err><![CDATA[]]></system-err>
      </testcase>
      <system-out><![CDATA[2021-09-27 15:51:22 - [TEST_SUITE][PASSED] - Login Negative Case: Test Cases/User/Login/Negative Case/Pastikan User Tidak Dapat Melakukan Login Ke Aplikasi]]></system-out>
      <system-err><![CDATA[]]></system-err>
   </testsuite>
</testsuites>
