<?xml version="1.0" encoding="UTF-8"?>
<testsuites name="Pastikan User dapat mengakses Landing Page" time="14.535" tests="3" failures="0" errors="0">
   <testsuite name="Pastikan User dapat mengakses Landing Page" tests="3" failures="0" errors="0" time="14.535" skipped="0" timestamp="2021-10-13 08:37:26" hostname="ardiansyah - manjaro" id="Test Suites/User/Lading Page/Positive Case/Pastikan User dapat mengakses Landing Page">
      <properties>
         <property name="deviceName" value=""/>
         <property name="devicePlatform" value=""/>
         <property name="logFolder" value="/home/ardiansyah/Work/Telkom/Pijar Belajar/Katalon/Pijar-Belajar/Pijar Belajar/Reports/20211013_083722/User/Lading Page/Positive Case/Pastikan User dapat mengakses Landing Page/20211013_083722"/>
         <property name="logFiles" value="/home/ardiansyah/Work/Telkom/Pijar Belajar/Katalon/Pijar-Belajar/Pijar Belajar/Reports/20211013_083722/User/Lading Page/Positive Case/Pastikan User dapat mengakses Landing Page/20211013_083722/execution0.log"/>
         <property name="attachments" value=""/>
         <property name="hostName" value="ardiansyah - manjaro"/>
         <property name="os" value="Linux 64bit"/>
         <property name="katalonVersion" value="8.1.0.208"/>
         <property name="browser" value="Chrome 94.0.4606.81"/>
         <property name="hostAddress" value="192.168.100.9"/>
         <property name="sessionId" value="e262d3086b076a2d2d6bc0f4e0babdaf"/>
         <property name="seleniumVersion" value="3.141.59"/>
         <property name="proxyInformation" value="ProxyInformation { proxyOption=NO_PROXY, proxyServerType=HTTP, username=, password=********, proxyServerAddress=, proxyServerPort=0, executionList=&quot;&quot;, isApplyToDesiredCapabilities=true }"/>
         <property name="platform" value="Linux"/>
      </properties>
      <testcase name="Test Cases/CustomKeyword/Open Browser" time="3.285" classname="Test Cases/CustomKeyword/Open Browser" status="PASSED">
         <system-out><![CDATA[2021-10-13 08:37:27 - [TEST_CASE][PASSED] - Test Cases/CustomKeyword/Open Browser: Test Cases/CustomKeyword/Open Browser

2021-10-13 08:37:27 - [TEST_STEP][PASSED] - openBrowser(""): Browser is opened with url: ''

2021-10-13 08:37:28 - [MESSAGE][INFO] - Starting 'Chrome' driver

2021-10-13 08:37:28 - [MESSAGE][INFO] - Action delay is set to 0 milliseconds

2021-10-13 08:37:30 - [MESSAGE][PASSED] - Browser is opened with url: ''

2021-10-13 08:37:30 - [TEST_STEP][PASSED] - maximizeWindow(): Current window maximized

2021-10-13 08:37:30 - [MESSAGE][PASSED] - Current window maximized]]></system-out>
         <system-err><![CDATA[]]></system-err>
      </testcase>
      <testcase name="Test Cases/CustomKeyword/Nevigate To Url" time="2.387" classname="Test Cases/CustomKeyword/Nevigate To Url" status="PASSED">
         <system-out><![CDATA[2021-10-13 08:37:30 - [TEST_CASE][PASSED] - Test Cases/CustomKeyword/Nevigate To Url: Test Cases/CustomKeyword/Nevigate To Url

2021-10-13 08:37:31 - [TEST_STEP][PASSED] - navigateToUrl(BASE_URL): Navigate to 'http://dev.pijarbelajar.id/' successfully

2021-10-13 08:37:32 - [MESSAGE][PASSED] - Navigate to 'http://dev.pijarbelajar.id/' successfully]]></system-out>
         <system-err><![CDATA[]]></system-err>
      </testcase>
      <testcase name="Test Cases/User/Landing Page/Positive Case/Pastikan user dapat mengakses Landing Page Pijar Belajar" time="7.337" classname="Test Cases/User/Landing Page/Positive Case/Pastikan user dapat mengakses Landing Page Pijar Belajar" status="PASSED">
         <system-out><![CDATA[2021-10-13 08:37:32 - [TEST_CASE][PASSED] - Test Cases/User/Landing Page/Positive Case/Pastikan user dapat mengakses Landing Page Pijar Belajar: Test Cases/User/Landing Page/Positive Case/Pastikan user dapat mengakses Landing Page Pijar Belajar

2021-10-13 08:37:33 - [TEST_STEP][PASSED] - callTestCase(findTestCase("CustomKeyword/Open Browser"), [:], STOP_ON_FAILURE): Call Test Case 'Test Cases/CustomKeyword/Open Browser' successfully

2021-10-13 08:37:33 - [TEST_CASE][PASSED] - Test Cases/CustomKeyword/Open Browser: Test Cases/CustomKeyword/Open Browser

2021-10-13 08:37:33 - [TEST_STEP][PASSED] - openBrowser(""): Browser is opened with url: ''

2021-10-13 08:37:33 - [MESSAGE][WARNING] - A browser is already opened. Closing browser and opening a new one

2021-10-13 08:37:33 - [MESSAGE][INFO] - Starting 'Chrome' driver

2021-10-13 08:37:33 - [MESSAGE][INFO] - Action delay is set to 0 milliseconds

2021-10-13 08:37:34 - [MESSAGE][PASSED] - Browser is opened with url: ''

2021-10-13 08:37:34 - [TEST_STEP][PASSED] - maximizeWindow(): Current window maximized

2021-10-13 08:37:35 - [MESSAGE][PASSED] - Current window maximized

2021-10-13 08:37:35 - [MESSAGE][PASSED] - Call Test Case 'Test Cases/CustomKeyword/Open Browser' successfully

2021-10-13 08:37:35 - [TEST_STEP][PASSED] - callTestCase(findTestCase("CustomKeyword/Nevigate To Url"), [:], STOP_ON_FAILURE): Call Test Case 'Test Cases/CustomKeyword/Nevigate To Url' successfully

2021-10-13 08:37:35 - [TEST_CASE][PASSED] - Test Cases/CustomKeyword/Nevigate To Url: Test Cases/CustomKeyword/Nevigate To Url

2021-10-13 08:37:35 - [TEST_STEP][PASSED] - navigateToUrl(BASE_URL): Navigate to 'http://dev.pijarbelajar.id/' successfully

2021-10-13 08:37:36 - [MESSAGE][PASSED] - Navigate to 'http://dev.pijarbelajar.id/' successfully

2021-10-13 08:37:36 - [MESSAGE][PASSED] - Call Test Case 'Test Cases/CustomKeyword/Nevigate To Url' successfully

2021-10-13 08:37:36 - [TEST_STEP][PASSED] - scrollToElement(findTestObject("Landing Page/h1_Pijar Belajar"), 2): Scroll to object 'Object Repository/Landing Page/h1_Pijar Belajar' successfully

2021-10-13 08:37:37 - [MESSAGE][PASSED] - Scroll to object 'Object Repository/Landing Page/h1_Pijar Belajar' successfully

2021-10-13 08:37:37 - [TEST_STEP][PASSED] - scrollToElement(findTestObject("Landing Page/h2_Alasan kamu menggunakan  Pijar Belajar"), 2): Scroll to object 'Object Repository/Landing Page/h2_Alasan kamu menggunakan  Pijar Belajar' successfully

2021-10-13 08:37:37 - [MESSAGE][PASSED] - Scroll to object 'Object Repository/Landing Page/h2_Alasan kamu menggunakan  Pijar Belajar' successfully

2021-10-13 08:37:37 - [TEST_STEP][PASSED] - scrollToElement(findTestObject("Landing Page/h2_Our Feature"), 2): Scroll to object 'Object Repository/Landing Page/h2_Our Feature' successfully

2021-10-13 08:37:37 - [MESSAGE][PASSED] - Scroll to object 'Object Repository/Landing Page/h2_Our Feature' successfully

2021-10-13 08:37:37 - [TEST_STEP][PASSED] - click(findTestObject("Landing Page/button_Our Feature_swiper-button-next"), STOP_ON_FAILURE): Object: 'Object Repository/Landing Page/button_Our Feature_swiper-button-next' is clicked on

2021-10-13 08:37:38 - [MESSAGE][PASSED] - Object: 'Object Repository/Landing Page/button_Our Feature_swiper-button-next' is clicked on

2021-10-13 08:37:38 - [TEST_STEP][PASSED] - click(findTestObject("Landing Page/button_Our Feature_swiper-button-prev")): Object: 'Object Repository/Landing Page/button_Our Feature_swiper-button-prev' is clicked on

2021-10-13 08:37:39 - [MESSAGE][PASSED] - Object: 'Object Repository/Landing Page/button_Our Feature_swiper-button-prev' is clicked on

2021-10-13 08:37:39 - [TEST_STEP][PASSED] - scrollToElement(findTestObject("Landing Page/h2_Get connect with us"), 0): Scroll to object 'Object Repository/Landing Page/h2_Get connect with us' successfully

2021-10-13 08:37:39 - [MESSAGE][WARNING] - Timeout '0' is invalid. Using default page load timeout: '30'

2021-10-13 08:37:39 - [MESSAGE][PASSED] - Scroll to object 'Object Repository/Landing Page/h2_Get connect with us' successfully

2021-10-13 08:37:39 - [TEST_STEP][PASSED] - scrollToElement(findTestObject("Landing Page/h3_Download Pijar Belajar"), 0): Scroll to object 'Object Repository/Landing Page/h3_Download Pijar Belajar' successfully

2021-10-13 08:37:39 - [MESSAGE][WARNING] - Timeout '0' is invalid. Using default page load timeout: '30'

2021-10-13 08:37:40 - [MESSAGE][PASSED] - Scroll to object 'Object Repository/Landing Page/h3_Download Pijar Belajar' successfully]]></system-out>
         <system-err><![CDATA[]]></system-err>
      </testcase>
      <system-out><![CDATA[2021-10-13 08:37:26 - [TEST_SUITE][PASSED] - Pastikan User dapat mengakses Landing Page: Test Cases/User/Landing Page/Positive Case/Pastikan user dapat mengakses Landing Page Pijar Belajar]]></system-out>
      <system-err><![CDATA[]]></system-err>
   </testsuite>
</testsuites>
